{
  "stats": {
    "suites": 4,
    "tests": 12,
    "passes": 12,
    "pending": 0,
    "failures": 0,
    "start": "2022-07-18T19:02:18.814Z",
    "end": "2022-07-18T19:02:18.829Z",
    "duration": 15,
    "testsRegistered": 12,
    "passPercent": 100,
    "pendingPercent": 0,
    "other": 0,
    "hasOther": false,
    "skipped": 0,
    "hasSkipped": false
  },
  "results": [
    {
      "uuid": "1f0f0a99-a369-4148-99b8-228ebcc91dcf",
      "title": "",
      "fullFile": "",
      "file": "",
      "beforeHooks": [],
      "afterHooks": [],
      "tests": [],
      "suites": [
        {
          "uuid": "e3c7ee15-e84a-4315-8918-aeaa8bc4ebc4",
          "title": "parsing with the correct length",
          "fullFile": "D:\\Github\\pinyin-parser\\test\\general.js",
          "file": "\\test\\general.js",
          "beforeHooks": [],
          "afterHooks": [],
          "tests": [
            {
              "title": "should return with length 1",
              "fullTitle": "parsing with the correct length should return with length 1",
              "timedOut": false,
              "duration": 2,
              "state": "passed",
              "speed": "fast",
              "pass": true,
              "fail": false,
              "pending": false,
              "context": null,
              "code": "const message = \"a\"\nexpect(parser(message)).to.have.length(1)",
              "err": {},
              "uuid": "c0f41657-bb5e-47c8-96df-119c422a0f36",
              "parentUUID": "e3c7ee15-e84a-4315-8918-aeaa8bc4ebc4",
              "isHook": false,
              "skipped": false
            },
            {
              "title": "should return with length 2",
              "fullTitle": "parsing with the correct length should return with length 2",
              "timedOut": false,
              "duration": 0,
              "state": "passed",
              "speed": "fast",
              "pass": true,
              "fail": false,
              "pending": false,
              "context": null,
              "code": "const message = \"  yuán   suī  \"\nexpect(parser(message)).to.have.length(2)",
              "err": {},
              "uuid": "787aaf22-a2ab-4b82-88f0-71d878dee5d2",
              "parentUUID": "e3c7ee15-e84a-4315-8918-aeaa8bc4ebc4",
              "isHook": false,
              "skipped": false
            },
            {
              "title": "should return with length 28",
              "fullTitle": "parsing with the correct length should return with length 28",
              "timedOut": false,
              "duration": 2,
              "state": "passed",
              "speed": "fast",
              "pass": true,
              "fail": false,
              "pending": false,
              "context": null,
              "code": "const message =\n  \"shì yè yī fù yán wén yǒu yī míng yòu xí rú sān cì yīng xiāng shì bù zhōng shī shì gù rì yán dú shū shí nián\"\nexpect(parser(message)).to.have.length(28)",
              "err": {},
              "uuid": "41207e12-7afa-42e8-b6d8-8d9bd29d9120",
              "parentUUID": "e3c7ee15-e84a-4315-8918-aeaa8bc4ebc4",
              "isHook": false,
              "skipped": false
            }
          ],
          "suites": [],
          "passes": [
            "c0f41657-bb5e-47c8-96df-119c422a0f36",
            "787aaf22-a2ab-4b82-88f0-71d878dee5d2",
            "41207e12-7afa-42e8-b6d8-8d9bd29d9120"
          ],
          "failures": [],
          "pending": [],
          "skipped": [],
          "duration": 4,
          "root": false,
          "rootEmpty": false,
          "_timeout": 2000
        },
        {
          "uuid": "fe0f9c70-ab4f-438b-afcf-9437ebeef0df",
          "title": "parsing with the correct tone",
          "fullFile": "D:\\Github\\pinyin-parser\\test\\general.js",
          "file": "\\test\\general.js",
          "beforeHooks": [],
          "afterHooks": [],
          "tests": [
            {
              "title": "should return with tone 1",
              "fullTitle": "parsing with the correct tone should return with tone 1",
              "timedOut": false,
              "duration": 2,
              "state": "passed",
              "speed": "fast",
              "pass": true,
              "fail": false,
              "pending": false,
              "context": null,
              "code": "const message = \"ā\"\nexpect(parser(message)).to.have.deep.equal([\n  {\n    initial: \"\",\n    final: \"a\",\n    tone: 1,\n  },\n])",
              "err": {},
              "uuid": "8b363f57-d7ba-488d-9f71-be76eb14f118",
              "parentUUID": "fe0f9c70-ab4f-438b-afcf-9437ebeef0df",
              "isHook": false,
              "skipped": false
            },
            {
              "title": "should return with tone 2",
              "fullTitle": "parsing with the correct tone should return with tone 2",
              "timedOut": false,
              "duration": 0,
              "state": "passed",
              "speed": "fast",
              "pass": true,
              "fail": false,
              "pending": false,
              "context": null,
              "code": "const message = \"é\"\nexpect(parser(message)).to.have.deep.equal([\n  {\n    initial: \"\",\n    final: \"e\",\n    tone: 2,\n  },\n])",
              "err": {},
              "uuid": "fbc00dac-5dc2-45b0-b14f-4c15aa1c110d",
              "parentUUID": "fe0f9c70-ab4f-438b-afcf-9437ebeef0df",
              "isHook": false,
              "skipped": false
            },
            {
              "title": "should return with tone 3",
              "fullTitle": "parsing with the correct tone should return with tone 3",
              "timedOut": false,
              "duration": 0,
              "state": "passed",
              "speed": "fast",
              "pass": true,
              "fail": false,
              "pending": false,
              "context": null,
              "code": "const message = \"ǒ\"\nexpect(parser(message)).to.have.deep.equal([\n  {\n    initial: \"\",\n    final: \"o\",\n    tone: 3,\n  },\n])",
              "err": {},
              "uuid": "70f009b1-6caf-4f8c-b1ad-83e1304a3115",
              "parentUUID": "fe0f9c70-ab4f-438b-afcf-9437ebeef0df",
              "isHook": false,
              "skipped": false
            },
            {
              "title": "should return with tone 4",
              "fullTitle": "parsing with the correct tone should return with tone 4",
              "timedOut": false,
              "duration": 1,
              "state": "passed",
              "speed": "fast",
              "pass": true,
              "fail": false,
              "pending": false,
              "context": null,
              "code": "const message = \"yǜ\"\nexpect(parser(message)).to.have.deep.equal([\n  {\n    initial: \"y\",\n    final: \"ü\",\n    tone: 4,\n  },\n])",
              "err": {},
              "uuid": "74a6d178-7275-48a0-a843-e9680c2befd2",
              "parentUUID": "fe0f9c70-ab4f-438b-afcf-9437ebeef0df",
              "isHook": false,
              "skipped": false
            }
          ],
          "suites": [],
          "passes": [
            "8b363f57-d7ba-488d-9f71-be76eb14f118",
            "fbc00dac-5dc2-45b0-b14f-4c15aa1c110d",
            "70f009b1-6caf-4f8c-b1ad-83e1304a3115",
            "74a6d178-7275-48a0-a843-e9680c2befd2"
          ],
          "failures": [],
          "pending": [],
          "skipped": [],
          "duration": 3,
          "root": false,
          "rootEmpty": false,
          "_timeout": 2000
        },
        {
          "uuid": "3a37afe7-47a3-4efc-9e07-ffdea4654c7b",
          "title": "parsing with the correct initial and final",
          "fullFile": "D:\\Github\\pinyin-parser\\test\\general.js",
          "file": "\\test\\general.js",
          "beforeHooks": [],
          "afterHooks": [],
          "tests": [
            {
              "title": "should return with zi3su1",
              "fullTitle": "parsing with the correct initial and final should return with zi3su1",
              "timedOut": false,
              "duration": 0,
              "state": "passed",
              "speed": "fast",
              "pass": true,
              "fail": false,
              "pending": false,
              "context": null,
              "code": "const message = \"zǐ sū\"\nexpect(parser(message)).to.have.deep.equal([\n  {\n    initial: \"z\",\n    final: \"i\",\n    tone: 3,\n  },\n  {\n    initial: \"s\",\n    final: \"u\",\n    tone: 1,\n  },\n])",
              "err": {},
              "uuid": "c4a00f5f-fe8e-4664-93ca-579e9b190416",
              "parentUUID": "3a37afe7-47a3-4efc-9e07-ffdea4654c7b",
              "isHook": false,
              "skipped": false
            },
            {
              "title": "should return with ban3lan2gen1",
              "fullTitle": "parsing with the correct initial and final should return with ban3lan2gen1",
              "timedOut": false,
              "duration": 1,
              "state": "passed",
              "speed": "fast",
              "pass": true,
              "fail": false,
              "pending": false,
              "context": null,
              "code": "const message = \"bǎn lán gēn\"\nexpect(parser(message)).to.have.deep.equal([\n  {\n    initial: \"b\",\n    final: \"an\",\n    tone: 3,\n  },\n  {\n    initial: \"l\",\n    final: \"an\",\n    tone: 2,\n  },\n  {\n    initial: \"g\",\n    final: \"en\",\n    tone: 1,\n  },\n])",
              "err": {},
              "uuid": "d97ac629-4baf-474e-a15d-f3015f16191b",
              "parentUUID": "3a37afe7-47a3-4efc-9e07-ffdea4654c7b",
              "isHook": false,
              "skipped": false
            },
            {
              "title": "should return with hua1rui3shi2",
              "fullTitle": "parsing with the correct initial and final should return with hua1rui3shi2",
              "timedOut": false,
              "duration": 0,
              "state": "passed",
              "speed": "fast",
              "pass": true,
              "fail": false,
              "pending": false,
              "context": null,
              "code": "const message = \"  Huā Ruǐ Shí  \"\nexpect(parser(message)).to.have.deep.equal([\n  {\n    initial: \"h\",\n    final: \"ua\",\n    tone: 1,\n  },\n  {\n    initial: \"r\",\n    final: \"ui\",\n    tone: 3,\n  },\n  {\n    initial: \"sh\",\n    final: \"i\",\n    tone: 2,\n  },\n])",
              "err": {},
              "uuid": "de2ddd25-dbc5-41a7-a00c-a4f1e12c611b",
              "parentUUID": "3a37afe7-47a3-4efc-9e07-ffdea4654c7b",
              "isHook": false,
              "skipped": false
            }
          ],
          "suites": [],
          "passes": [
            "c4a00f5f-fe8e-4664-93ca-579e9b190416",
            "d97ac629-4baf-474e-a15d-f3015f16191b",
            "de2ddd25-dbc5-41a7-a00c-a4f1e12c611b"
          ],
          "failures": [],
          "pending": [],
          "skipped": [],
          "duration": 1,
          "root": false,
          "rootEmpty": false,
          "_timeout": 2000
        },
        {
          "uuid": "909bc88c-7f35-4442-b367-65cb5e8e3558",
          "title": "parsing with illegal input arguments",
          "fullFile": "D:\\Github\\pinyin-parser\\test\\general.js",
          "file": "\\test\\general.js",
          "beforeHooks": [],
          "afterHooks": [],
          "tests": [
            {
              "title": "should return error because input is not a string",
              "fullTitle": "parsing with illegal input arguments should return error because input is not a string",
              "timedOut": false,
              "duration": 1,
              "state": "passed",
              "speed": "fast",
              "pass": true,
              "fail": false,
              "pending": false,
              "context": null,
              "code": "const message = 123\nexpect(() => parser(message)).to.throw(Error)",
              "err": {},
              "uuid": "fbfbd51f-309c-493b-b340-808802600ed9",
              "parentUUID": "909bc88c-7f35-4442-b367-65cb5e8e3558",
              "isHook": false,
              "skipped": false
            },
            {
              "title": "should return error because pinyin is invalid",
              "fullTitle": "parsing with illegal input arguments should return error because pinyin is invalid",
              "timedOut": false,
              "duration": 1,
              "state": "passed",
              "speed": "fast",
              "pass": true,
              "fail": false,
              "pending": false,
              "context": null,
              "code": "const message = \"pípáyè\"\nexpect(() => parser(message)).to.throw(Error)",
              "err": {},
              "uuid": "ba7f4faf-558a-4d53-8d2a-2e4058614675",
              "parentUUID": "909bc88c-7f35-4442-b367-65cb5e8e3558",
              "isHook": false,
              "skipped": false
            }
          ],
          "suites": [],
          "passes": [
            "fbfbd51f-309c-493b-b340-808802600ed9",
            "ba7f4faf-558a-4d53-8d2a-2e4058614675"
          ],
          "failures": [],
          "pending": [],
          "skipped": [],
          "duration": 2,
          "root": false,
          "rootEmpty": false,
          "_timeout": 2000
        }
      ],
      "passes": [],
      "failures": [],
      "pending": [],
      "skipped": [],
      "duration": 0,
      "root": true,
      "rootEmpty": true,
      "_timeout": 2000
    }
  ],
  "meta": {
    "mocha": {
      "version": "10.0.0"
    },
    "mochawesome": {
      "options": {
        "quiet": false,
        "reportFilename": "mochawesome",
        "saveHtml": true,
        "saveJson": true,
        "consoleReporter": "spec",
        "useInlineDiffs": false,
        "code": true
      },
      "version": "7.1.3"
    },
    "marge": {
      "options": null,
      "version": "6.2.0"
    }
  }
}